# ******************************************************
# PLUTO 4.4-patch2 Grid File
# Generated on  Wed Mar 13 09:38:17 2024
# 
# DIMENSIONS: 3
# GEOMETRY:   POLAR
# X1: [ 0.000000,  10.000000], 160 point(s), 2 ghosts
# X3: [ 0.000000,  40.000000], 640 point(s), 2 ghosts
# ******************************************************
160 
 1   0.000000000000e+00    6.250000000000e-02
 2   6.250000000000e-02    1.250000000000e-01
 3   1.250000000000e-01    1.875000000000e-01
 4   1.875000000000e-01    2.500000000000e-01
 5   2.500000000000e-01    3.125000000000e-01
 6   3.125000000000e-01    3.750000000000e-01
 7   3.750000000000e-01    4.375000000000e-01
 8   4.375000000000e-01    5.000000000000e-01
 9   5.000000000000e-01    5.625000000000e-01
 10   5.625000000000e-01    6.250000000000e-01
 11   6.250000000000e-01    6.875000000000e-01
 12   6.875000000000e-01    7.500000000000e-01
 13   7.500000000000e-01    8.125000000000e-01
 14   8.125000000000e-01    8.750000000000e-01
 15   8.750000000000e-01    9.375000000000e-01
 16   9.375000000000e-01    1.000000000000e+00
 17   1.000000000000e+00    1.062500000000e+00
 18   1.062500000000e+00    1.125000000000e+00
 19   1.125000000000e+00    1.187500000000e+00
 20   1.187500000000e+00    1.250000000000e+00
 21   1.250000000000e+00    1.312500000000e+00
 22   1.312500000000e+00    1.375000000000e+00
 23   1.375000000000e+00    1.437500000000e+00
 24   1.437500000000e+00    1.500000000000e+00
 25   1.500000000000e+00    1.562500000000e+00
 26   1.562500000000e+00    1.625000000000e+00
 27   1.625000000000e+00    1.687500000000e+00
 28   1.687500000000e+00    1.750000000000e+00
 29   1.750000000000e+00    1.812500000000e+00
 30   1.812500000000e+00    1.875000000000e+00
 31   1.875000000000e+00    1.937500000000e+00
 32   1.937500000000e+00    2.000000000000e+00
 33   2.000000000000e+00    2.062500000000e+00
 34   2.062500000000e+00    2.125000000000e+00
 35   2.125000000000e+00    2.187500000000e+00
 36   2.187500000000e+00    2.250000000000e+00
 37   2.250000000000e+00    2.312500000000e+00
 38   2.312500000000e+00    2.375000000000e+00
 39   2.375000000000e+00    2.437500000000e+00
 40   2.437500000000e+00    2.500000000000e+00
 41   2.500000000000e+00    2.562500000000e+00
 42   2.562500000000e+00    2.625000000000e+00
 43   2.625000000000e+00    2.687500000000e+00
 44   2.687500000000e+00    2.750000000000e+00
 45   2.750000000000e+00    2.812500000000e+00
 46   2.812500000000e+00    2.875000000000e+00
 47   2.875000000000e+00    2.937500000000e+00
 48   2.937500000000e+00    3.000000000000e+00
 49   3.000000000000e+00    3.062500000000e+00
 50   3.062500000000e+00    3.125000000000e+00
 51   3.125000000000e+00    3.187500000000e+00
 52   3.187500000000e+00    3.250000000000e+00
 53   3.250000000000e+00    3.312500000000e+00
 54   3.312500000000e+00    3.375000000000e+00
 55   3.375000000000e+00    3.437500000000e+00
 56   3.437500000000e+00    3.500000000000e+00
 57   3.500000000000e+00    3.562500000000e+00
 58   3.562500000000e+00    3.625000000000e+00
 59   3.625000000000e+00    3.687500000000e+00
 60   3.687500000000e+00    3.750000000000e+00
 61   3.750000000000e+00    3.812500000000e+00
 62   3.812500000000e+00    3.875000000000e+00
 63   3.875000000000e+00    3.937500000000e+00
 64   3.937500000000e+00    4.000000000000e+00
 65   4.000000000000e+00    4.062500000000e+00
 66   4.062500000000e+00    4.125000000000e+00
 67   4.125000000000e+00    4.187500000000e+00
 68   4.187500000000e+00    4.250000000000e+00
 69   4.250000000000e+00    4.312500000000e+00
 70   4.312500000000e+00    4.375000000000e+00
 71   4.375000000000e+00    4.437500000000e+00
 72   4.437500000000e+00    4.500000000000e+00
 73   4.500000000000e+00    4.562500000000e+00
 74   4.562500000000e+00    4.625000000000e+00
 75   4.625000000000e+00    4.687500000000e+00
 76   4.687500000000e+00    4.750000000000e+00
 77   4.750000000000e+00    4.812500000000e+00
 78   4.812500000000e+00    4.875000000000e+00
 79   4.875000000000e+00    4.937500000000e+00
 80   4.937500000000e+00    5.000000000000e+00
 81   5.000000000000e+00    5.062500000000e+00
 82   5.062500000000e+00    5.125000000000e+00
 83   5.125000000000e+00    5.187500000000e+00
 84   5.187500000000e+00    5.250000000000e+00
 85   5.250000000000e+00    5.312500000000e+00
 86   5.312500000000e+00    5.375000000000e+00
 87   5.375000000000e+00    5.437500000000e+00
 88   5.437500000000e+00    5.500000000000e+00
 89   5.500000000000e+00    5.562500000000e+00
 90   5.562500000000e+00    5.625000000000e+00
 91   5.625000000000e+00    5.687500000000e+00
 92   5.687500000000e+00    5.750000000000e+00
 93   5.750000000000e+00    5.812500000000e+00
 94   5.812500000000e+00    5.875000000000e+00
 95   5.875000000000e+00    5.937500000000e+00
 96   5.937500000000e+00    6.000000000000e+00
 97   6.000000000000e+00    6.062500000000e+00
 98   6.062500000000e+00    6.125000000000e+00
 99   6.125000000000e+00    6.187500000000e+00
 100   6.187500000000e+00    6.250000000000e+00
 101   6.250000000000e+00    6.312500000000e+00
 102   6.312500000000e+00    6.375000000000e+00
 103   6.375000000000e+00    6.437500000000e+00
 104   6.437500000000e+00    6.500000000000e+00
 105   6.500000000000e+00    6.562500000000e+00
 106   6.562500000000e+00    6.625000000000e+00
 107   6.625000000000e+00    6.687500000000e+00
 108   6.687500000000e+00    6.750000000000e+00
 109   6.750000000000e+00    6.812500000000e+00
 110   6.812500000000e+00    6.875000000000e+00
 111   6.875000000000e+00    6.937500000000e+00
 112   6.937500000000e+00    7.000000000000e+00
 113   7.000000000000e+00    7.062500000000e+00
 114   7.062500000000e+00    7.125000000000e+00
 115   7.125000000000e+00    7.187500000000e+00
 116   7.187500000000e+00    7.250000000000e+00
 117   7.250000000000e+00    7.312500000000e+00
 118   7.312500000000e+00    7.375000000000e+00
 119   7.375000000000e+00    7.437500000000e+00
 120   7.437500000000e+00    7.500000000000e+00
 121   7.500000000000e+00    7.562500000000e+00
 122   7.562500000000e+00    7.625000000000e+00
 123   7.625000000000e+00    7.687500000000e+00
 124   7.687500000000e+00    7.750000000000e+00
 125   7.750000000000e+00    7.812500000000e+00
 126   7.812500000000e+00    7.875000000000e+00
 127   7.875000000000e+00    7.937500000000e+00
 128   7.937500000000e+00    8.000000000000e+00
 129   8.000000000000e+00    8.062500000000e+00
 130   8.062500000000e+00    8.125000000000e+00
 131   8.125000000000e+00    8.187500000000e+00
 132   8.187500000000e+00    8.250000000000e+00
 133   8.250000000000e+00    8.312500000000e+00
 134   8.312500000000e+00    8.375000000000e+00
 135   8.375000000000e+00    8.437500000000e+00
 136   8.437500000000e+00    8.500000000000e+00
 137   8.500000000000e+00    8.562500000000e+00
 138   8.562500000000e+00    8.625000000000e+00
 139   8.625000000000e+00    8.687500000000e+00
 140   8.687500000000e+00    8.750000000000e+00
 141   8.750000000000e+00    8.812500000000e+00
 142   8.812500000000e+00    8.875000000000e+00
 143   8.875000000000e+00    8.937500000000e+00
 144   8.937500000000e+00    9.000000000000e+00
 145   9.000000000000e+00    9.062500000000e+00
 146   9.062500000000e+00    9.125000000000e+00
 147   9.125000000000e+00    9.187500000000e+00
 148   9.187500000000e+00    9.250000000000e+00
 149   9.250000000000e+00    9.312500000000e+00
 150   9.312500000000e+00    9.375000000000e+00
 151   9.375000000000e+00    9.437500000000e+00
 152   9.437500000000e+00    9.500000000000e+00
 153   9.500000000000e+00    9.562500000000e+00
 154   9.562500000000e+00    9.625000000000e+00
 155   9.625000000000e+00    9.687500000000e+00
 156   9.687500000000e+00    9.750000000000e+00
 157   9.750000000000e+00    9.812500000000e+00
 158   9.812500000000e+00    9.875000000000e+00
 159   9.875000000000e+00    9.937500000000e+00
 160   9.937500000000e+00    1.000000000000e+01
1 
 1   0.000000000000e+00    1.000000000000e+00
640 
 1   0.000000000000e+00    6.250000000000e-02
 2   6.250000000000e-02    1.250000000000e-01
 3   1.250000000000e-01    1.875000000000e-01
 4   1.875000000000e-01    2.500000000000e-01
 5   2.500000000000e-01    3.125000000000e-01
 6   3.125000000000e-01    3.750000000000e-01
 7   3.750000000000e-01    4.375000000000e-01
 8   4.375000000000e-01    5.000000000000e-01
 9   5.000000000000e-01    5.625000000000e-01
 10   5.625000000000e-01    6.250000000000e-01
 11   6.250000000000e-01    6.875000000000e-01
 12   6.875000000000e-01    7.500000000000e-01
 13   7.500000000000e-01    8.125000000000e-01
 14   8.125000000000e-01    8.750000000000e-01
 15   8.750000000000e-01    9.375000000000e-01
 16   9.375000000000e-01    1.000000000000e+00
 17   1.000000000000e+00    1.062500000000e+00
 18   1.062500000000e+00    1.125000000000e+00
 19   1.125000000000e+00    1.187500000000e+00
 20   1.187500000000e+00    1.250000000000e+00
 21   1.250000000000e+00    1.312500000000e+00
 22   1.312500000000e+00    1.375000000000e+00
 23   1.375000000000e+00    1.437500000000e+00
 24   1.437500000000e+00    1.500000000000e+00
 25   1.500000000000e+00    1.562500000000e+00
 26   1.562500000000e+00    1.625000000000e+00
 27   1.625000000000e+00    1.687500000000e+00
 28   1.687500000000e+00    1.750000000000e+00
 29   1.750000000000e+00    1.812500000000e+00
 30   1.812500000000e+00    1.875000000000e+00
 31   1.875000000000e+00    1.937500000000e+00
 32   1.937500000000e+00    2.000000000000e+00
 33   2.000000000000e+00    2.062500000000e+00
 34   2.062500000000e+00    2.125000000000e+00
 35   2.125000000000e+00    2.187500000000e+00
 36   2.187500000000e+00    2.250000000000e+00
 37   2.250000000000e+00    2.312500000000e+00
 38   2.312500000000e+00    2.375000000000e+00
 39   2.375000000000e+00    2.437500000000e+00
 40   2.437500000000e+00    2.500000000000e+00
 41   2.500000000000e+00    2.562500000000e+00
 42   2.562500000000e+00    2.625000000000e+00
 43   2.625000000000e+00    2.687500000000e+00
 44   2.687500000000e+00    2.750000000000e+00
 45   2.750000000000e+00    2.812500000000e+00
 46   2.812500000000e+00    2.875000000000e+00
 47   2.875000000000e+00    2.937500000000e+00
 48   2.937500000000e+00    3.000000000000e+00
 49   3.000000000000e+00    3.062500000000e+00
 50   3.062500000000e+00    3.125000000000e+00
 51   3.125000000000e+00    3.187500000000e+00
 52   3.187500000000e+00    3.250000000000e+00
 53   3.250000000000e+00    3.312500000000e+00
 54   3.312500000000e+00    3.375000000000e+00
 55   3.375000000000e+00    3.437500000000e+00
 56   3.437500000000e+00    3.500000000000e+00
 57   3.500000000000e+00    3.562500000000e+00
 58   3.562500000000e+00    3.625000000000e+00
 59   3.625000000000e+00    3.687500000000e+00
 60   3.687500000000e+00    3.750000000000e+00
 61   3.750000000000e+00    3.812500000000e+00
 62   3.812500000000e+00    3.875000000000e+00
 63   3.875000000000e+00    3.937500000000e+00
 64   3.937500000000e+00    4.000000000000e+00
 65   4.000000000000e+00    4.062500000000e+00
 66   4.062500000000e+00    4.125000000000e+00
 67   4.125000000000e+00    4.187500000000e+00
 68   4.187500000000e+00    4.250000000000e+00
 69   4.250000000000e+00    4.312500000000e+00
 70   4.312500000000e+00    4.375000000000e+00
 71   4.375000000000e+00    4.437500000000e+00
 72   4.437500000000e+00    4.500000000000e+00
 73   4.500000000000e+00    4.562500000000e+00
 74   4.562500000000e+00    4.625000000000e+00
 75   4.625000000000e+00    4.687500000000e+00
 76   4.687500000000e+00    4.750000000000e+00
 77   4.750000000000e+00    4.812500000000e+00
 78   4.812500000000e+00    4.875000000000e+00
 79   4.875000000000e+00    4.937500000000e+00
 80   4.937500000000e+00    5.000000000000e+00
 81   5.000000000000e+00    5.062500000000e+00
 82   5.062500000000e+00    5.125000000000e+00
 83   5.125000000000e+00    5.187500000000e+00
 84   5.187500000000e+00    5.250000000000e+00
 85   5.250000000000e+00    5.312500000000e+00
 86   5.312500000000e+00    5.375000000000e+00
 87   5.375000000000e+00    5.437500000000e+00
 88   5.437500000000e+00    5.500000000000e+00
 89   5.500000000000e+00    5.562500000000e+00
 90   5.562500000000e+00    5.625000000000e+00
 91   5.625000000000e+00    5.687500000000e+00
 92   5.687500000000e+00    5.750000000000e+00
 93   5.750000000000e+00    5.812500000000e+00
 94   5.812500000000e+00    5.875000000000e+00
 95   5.875000000000e+00    5.937500000000e+00
 96   5.937500000000e+00    6.000000000000e+00
 97   6.000000000000e+00    6.062500000000e+00
 98   6.062500000000e+00    6.125000000000e+00
 99   6.125000000000e+00    6.187500000000e+00
 100   6.187500000000e+00    6.250000000000e+00
 101   6.250000000000e+00    6.312500000000e+00
 102   6.312500000000e+00    6.375000000000e+00
 103   6.375000000000e+00    6.437500000000e+00
 104   6.437500000000e+00    6.500000000000e+00
 105   6.500000000000e+00    6.562500000000e+00
 106   6.562500000000e+00    6.625000000000e+00
 107   6.625000000000e+00    6.687500000000e+00
 108   6.687500000000e+00    6.750000000000e+00
 109   6.750000000000e+00    6.812500000000e+00
 110   6.812500000000e+00    6.875000000000e+00
 111   6.875000000000e+00    6.937500000000e+00
 112   6.937500000000e+00    7.000000000000e+00
 113   7.000000000000e+00    7.062500000000e+00
 114   7.062500000000e+00    7.125000000000e+00
 115   7.125000000000e+00    7.187500000000e+00
 116   7.187500000000e+00    7.250000000000e+00
 117   7.250000000000e+00    7.312500000000e+00
 118   7.312500000000e+00    7.375000000000e+00
 119   7.375000000000e+00    7.437500000000e+00
 120   7.437500000000e+00    7.500000000000e+00
 121   7.500000000000e+00    7.562500000000e+00
 122   7.562500000000e+00    7.625000000000e+00
 123   7.625000000000e+00    7.687500000000e+00
 124   7.687500000000e+00    7.750000000000e+00
 125   7.750000000000e+00    7.812500000000e+00
 126   7.812500000000e+00    7.875000000000e+00
 127   7.875000000000e+00    7.937500000000e+00
 128   7.937500000000e+00    8.000000000000e+00
 129   8.000000000000e+00    8.062500000000e+00
 130   8.062500000000e+00    8.125000000000e+00
 131   8.125000000000e+00    8.187500000000e+00
 132   8.187500000000e+00    8.250000000000e+00
 133   8.250000000000e+00    8.312500000000e+00
 134   8.312500000000e+00    8.375000000000e+00
 135   8.375000000000e+00    8.437500000000e+00
 136   8.437500000000e+00    8.500000000000e+00
 137   8.500000000000e+00    8.562500000000e+00
 138   8.562500000000e+00    8.625000000000e+00
 139   8.625000000000e+00    8.687500000000e+00
 140   8.687500000000e+00    8.750000000000e+00
 141   8.750000000000e+00    8.812500000000e+00
 142   8.812500000000e+00    8.875000000000e+00
 143   8.875000000000e+00    8.937500000000e+00
 144   8.937500000000e+00    9.000000000000e+00
 145   9.000000000000e+00    9.062500000000e+00
 146   9.062500000000e+00    9.125000000000e+00
 147   9.125000000000e+00    9.187500000000e+00
 148   9.187500000000e+00    9.250000000000e+00
 149   9.250000000000e+00    9.312500000000e+00
 150   9.312500000000e+00    9.375000000000e+00
 151   9.375000000000e+00    9.437500000000e+00
 152   9.437500000000e+00    9.500000000000e+00
 153   9.500000000000e+00    9.562500000000e+00
 154   9.562500000000e+00    9.625000000000e+00
 155   9.625000000000e+00    9.687500000000e+00
 156   9.687500000000e+00    9.750000000000e+00
 157   9.750000000000e+00    9.812500000000e+00
 158   9.812500000000e+00    9.875000000000e+00
 159   9.875000000000e+00    9.937500000000e+00
 160   9.937500000000e+00    1.000000000000e+01
 161   1.000000000000e+01    1.006250000000e+01
 162   1.006250000000e+01    1.012500000000e+01
 163   1.012500000000e+01    1.018750000000e+01
 164   1.018750000000e+01    1.025000000000e+01
 165   1.025000000000e+01    1.031250000000e+01
 166   1.031250000000e+01    1.037500000000e+01
 167   1.037500000000e+01    1.043750000000e+01
 168   1.043750000000e+01    1.050000000000e+01
 169   1.050000000000e+01    1.056250000000e+01
 170   1.056250000000e+01    1.062500000000e+01
 171   1.062500000000e+01    1.068750000000e+01
 172   1.068750000000e+01    1.075000000000e+01
 173   1.075000000000e+01    1.081250000000e+01
 174   1.081250000000e+01    1.087500000000e+01
 175   1.087500000000e+01    1.093750000000e+01
 176   1.093750000000e+01    1.100000000000e+01
 177   1.100000000000e+01    1.106250000000e+01
 178   1.106250000000e+01    1.112500000000e+01
 179   1.112500000000e+01    1.118750000000e+01
 180   1.118750000000e+01    1.125000000000e+01
 181   1.125000000000e+01    1.131250000000e+01
 182   1.131250000000e+01    1.137500000000e+01
 183   1.137500000000e+01    1.143750000000e+01
 184   1.143750000000e+01    1.150000000000e+01
 185   1.150000000000e+01    1.156250000000e+01
 186   1.156250000000e+01    1.162500000000e+01
 187   1.162500000000e+01    1.168750000000e+01
 188   1.168750000000e+01    1.175000000000e+01
 189   1.175000000000e+01    1.181250000000e+01
 190   1.181250000000e+01    1.187500000000e+01
 191   1.187500000000e+01    1.193750000000e+01
 192   1.193750000000e+01    1.200000000000e+01
 193   1.200000000000e+01    1.206250000000e+01
 194   1.206250000000e+01    1.212500000000e+01
 195   1.212500000000e+01    1.218750000000e+01
 196   1.218750000000e+01    1.225000000000e+01
 197   1.225000000000e+01    1.231250000000e+01
 198   1.231250000000e+01    1.237500000000e+01
 199   1.237500000000e+01    1.243750000000e+01
 200   1.243750000000e+01    1.250000000000e+01
 201   1.250000000000e+01    1.256250000000e+01
 202   1.256250000000e+01    1.262500000000e+01
 203   1.262500000000e+01    1.268750000000e+01
 204   1.268750000000e+01    1.275000000000e+01
 205   1.275000000000e+01    1.281250000000e+01
 206   1.281250000000e+01    1.287500000000e+01
 207   1.287500000000e+01    1.293750000000e+01
 208   1.293750000000e+01    1.300000000000e+01
 209   1.300000000000e+01    1.306250000000e+01
 210   1.306250000000e+01    1.312500000000e+01
 211   1.312500000000e+01    1.318750000000e+01
 212   1.318750000000e+01    1.325000000000e+01
 213   1.325000000000e+01    1.331250000000e+01
 214   1.331250000000e+01    1.337500000000e+01
 215   1.337500000000e+01    1.343750000000e+01
 216   1.343750000000e+01    1.350000000000e+01
 217   1.350000000000e+01    1.356250000000e+01
 218   1.356250000000e+01    1.362500000000e+01
 219   1.362500000000e+01    1.368750000000e+01
 220   1.368750000000e+01    1.375000000000e+01
 221   1.375000000000e+01    1.381250000000e+01
 222   1.381250000000e+01    1.387500000000e+01
 223   1.387500000000e+01    1.393750000000e+01
 224   1.393750000000e+01    1.400000000000e+01
 225   1.400000000000e+01    1.406250000000e+01
 226   1.406250000000e+01    1.412500000000e+01
 227   1.412500000000e+01    1.418750000000e+01
 228   1.418750000000e+01    1.425000000000e+01
 229   1.425000000000e+01    1.431250000000e+01
 230   1.431250000000e+01    1.437500000000e+01
 231   1.437500000000e+01    1.443750000000e+01
 232   1.443750000000e+01    1.450000000000e+01
 233   1.450000000000e+01    1.456250000000e+01
 234   1.456250000000e+01    1.462500000000e+01
 235   1.462500000000e+01    1.468750000000e+01
 236   1.468750000000e+01    1.475000000000e+01
 237   1.475000000000e+01    1.481250000000e+01
 238   1.481250000000e+01    1.487500000000e+01
 239   1.487500000000e+01    1.493750000000e+01
 240   1.493750000000e+01    1.500000000000e+01
 241   1.500000000000e+01    1.506250000000e+01
 242   1.506250000000e+01    1.512500000000e+01
 243   1.512500000000e+01    1.518750000000e+01
 244   1.518750000000e+01    1.525000000000e+01
 245   1.525000000000e+01    1.531250000000e+01
 246   1.531250000000e+01    1.537500000000e+01
 247   1.537500000000e+01    1.543750000000e+01
 248   1.543750000000e+01    1.550000000000e+01
 249   1.550000000000e+01    1.556250000000e+01
 250   1.556250000000e+01    1.562500000000e+01
 251   1.562500000000e+01    1.568750000000e+01
 252   1.568750000000e+01    1.575000000000e+01
 253   1.575000000000e+01    1.581250000000e+01
 254   1.581250000000e+01    1.587500000000e+01
 255   1.587500000000e+01    1.593750000000e+01
 256   1.593750000000e+01    1.600000000000e+01
 257   1.600000000000e+01    1.606250000000e+01
 258   1.606250000000e+01    1.612500000000e+01
 259   1.612500000000e+01    1.618750000000e+01
 260   1.618750000000e+01    1.625000000000e+01
 261   1.625000000000e+01    1.631250000000e+01
 262   1.631250000000e+01    1.637500000000e+01
 263   1.637500000000e+01    1.643750000000e+01
 264   1.643750000000e+01    1.650000000000e+01
 265   1.650000000000e+01    1.656250000000e+01
 266   1.656250000000e+01    1.662500000000e+01
 267   1.662500000000e+01    1.668750000000e+01
 268   1.668750000000e+01    1.675000000000e+01
 269   1.675000000000e+01    1.681250000000e+01
 270   1.681250000000e+01    1.687500000000e+01
 271   1.687500000000e+01    1.693750000000e+01
 272   1.693750000000e+01    1.700000000000e+01
 273   1.700000000000e+01    1.706250000000e+01
 274   1.706250000000e+01    1.712500000000e+01
 275   1.712500000000e+01    1.718750000000e+01
 276   1.718750000000e+01    1.725000000000e+01
 277   1.725000000000e+01    1.731250000000e+01
 278   1.731250000000e+01    1.737500000000e+01
 279   1.737500000000e+01    1.743750000000e+01
 280   1.743750000000e+01    1.750000000000e+01
 281   1.750000000000e+01    1.756250000000e+01
 282   1.756250000000e+01    1.762500000000e+01
 283   1.762500000000e+01    1.768750000000e+01
 284   1.768750000000e+01    1.775000000000e+01
 285   1.775000000000e+01    1.781250000000e+01
 286   1.781250000000e+01    1.787500000000e+01
 287   1.787500000000e+01    1.793750000000e+01
 288   1.793750000000e+01    1.800000000000e+01
 289   1.800000000000e+01    1.806250000000e+01
 290   1.806250000000e+01    1.812500000000e+01
 291   1.812500000000e+01    1.818750000000e+01
 292   1.818750000000e+01    1.825000000000e+01
 293   1.825000000000e+01    1.831250000000e+01
 294   1.831250000000e+01    1.837500000000e+01
 295   1.837500000000e+01    1.843750000000e+01
 296   1.843750000000e+01    1.850000000000e+01
 297   1.850000000000e+01    1.856250000000e+01
 298   1.856250000000e+01    1.862500000000e+01
 299   1.862500000000e+01    1.868750000000e+01
 300   1.868750000000e+01    1.875000000000e+01
 301   1.875000000000e+01    1.881250000000e+01
 302   1.881250000000e+01    1.887500000000e+01
 303   1.887500000000e+01    1.893750000000e+01
 304   1.893750000000e+01    1.900000000000e+01
 305   1.900000000000e+01    1.906250000000e+01
 306   1.906250000000e+01    1.912500000000e+01
 307   1.912500000000e+01    1.918750000000e+01
 308   1.918750000000e+01    1.925000000000e+01
 309   1.925000000000e+01    1.931250000000e+01
 310   1.931250000000e+01    1.937500000000e+01
 311   1.937500000000e+01    1.943750000000e+01
 312   1.943750000000e+01    1.950000000000e+01
 313   1.950000000000e+01    1.956250000000e+01
 314   1.956250000000e+01    1.962500000000e+01
 315   1.962500000000e+01    1.968750000000e+01
 316   1.968750000000e+01    1.975000000000e+01
 317   1.975000000000e+01    1.981250000000e+01
 318   1.981250000000e+01    1.987500000000e+01
 319   1.987500000000e+01    1.993750000000e+01
 320   1.993750000000e+01    2.000000000000e+01
 321   2.000000000000e+01    2.006250000000e+01
 322   2.006250000000e+01    2.012500000000e+01
 323   2.012500000000e+01    2.018750000000e+01
 324   2.018750000000e+01    2.025000000000e+01
 325   2.025000000000e+01    2.031250000000e+01
 326   2.031250000000e+01    2.037500000000e+01
 327   2.037500000000e+01    2.043750000000e+01
 328   2.043750000000e+01    2.050000000000e+01
 329   2.050000000000e+01    2.056250000000e+01
 330   2.056250000000e+01    2.062500000000e+01
 331   2.062500000000e+01    2.068750000000e+01
 332   2.068750000000e+01    2.075000000000e+01
 333   2.075000000000e+01    2.081250000000e+01
 334   2.081250000000e+01    2.087500000000e+01
 335   2.087500000000e+01    2.093750000000e+01
 336   2.093750000000e+01    2.100000000000e+01
 337   2.100000000000e+01    2.106250000000e+01
 338   2.106250000000e+01    2.112500000000e+01
 339   2.112500000000e+01    2.118750000000e+01
 340   2.118750000000e+01    2.125000000000e+01
 341   2.125000000000e+01    2.131250000000e+01
 342   2.131250000000e+01    2.137500000000e+01
 343   2.137500000000e+01    2.143750000000e+01
 344   2.143750000000e+01    2.150000000000e+01
 345   2.150000000000e+01    2.156250000000e+01
 346   2.156250000000e+01    2.162500000000e+01
 347   2.162500000000e+01    2.168750000000e+01
 348   2.168750000000e+01    2.175000000000e+01
 349   2.175000000000e+01    2.181250000000e+01
 350   2.181250000000e+01    2.187500000000e+01
 351   2.187500000000e+01    2.193750000000e+01
 352   2.193750000000e+01    2.200000000000e+01
 353   2.200000000000e+01    2.206250000000e+01
 354   2.206250000000e+01    2.212500000000e+01
 355   2.212500000000e+01    2.218750000000e+01
 356   2.218750000000e+01    2.225000000000e+01
 357   2.225000000000e+01    2.231250000000e+01
 358   2.231250000000e+01    2.237500000000e+01
 359   2.237500000000e+01    2.243750000000e+01
 360   2.243750000000e+01    2.250000000000e+01
 361   2.250000000000e+01    2.256250000000e+01
 362   2.256250000000e+01    2.262500000000e+01
 363   2.262500000000e+01    2.268750000000e+01
 364   2.268750000000e+01    2.275000000000e+01
 365   2.275000000000e+01    2.281250000000e+01
 366   2.281250000000e+01    2.287500000000e+01
 367   2.287500000000e+01    2.293750000000e+01
 368   2.293750000000e+01    2.300000000000e+01
 369   2.300000000000e+01    2.306250000000e+01
 370   2.306250000000e+01    2.312500000000e+01
 371   2.312500000000e+01    2.318750000000e+01
 372   2.318750000000e+01    2.325000000000e+01
 373   2.325000000000e+01    2.331250000000e+01
 374   2.331250000000e+01    2.337500000000e+01
 375   2.337500000000e+01    2.343750000000e+01
 376   2.343750000000e+01    2.350000000000e+01
 377   2.350000000000e+01    2.356250000000e+01
 378   2.356250000000e+01    2.362500000000e+01
 379   2.362500000000e+01    2.368750000000e+01
 380   2.368750000000e+01    2.375000000000e+01
 381   2.375000000000e+01    2.381250000000e+01
 382   2.381250000000e+01    2.387500000000e+01
 383   2.387500000000e+01    2.393750000000e+01
 384   2.393750000000e+01    2.400000000000e+01
 385   2.400000000000e+01    2.406250000000e+01
 386   2.406250000000e+01    2.412500000000e+01
 387   2.412500000000e+01    2.418750000000e+01
 388   2.418750000000e+01    2.425000000000e+01
 389   2.425000000000e+01    2.431250000000e+01
 390   2.431250000000e+01    2.437500000000e+01
 391   2.437500000000e+01    2.443750000000e+01
 392   2.443750000000e+01    2.450000000000e+01
 393   2.450000000000e+01    2.456250000000e+01
 394   2.456250000000e+01    2.462500000000e+01
 395   2.462500000000e+01    2.468750000000e+01
 396   2.468750000000e+01    2.475000000000e+01
 397   2.475000000000e+01    2.481250000000e+01
 398   2.481250000000e+01    2.487500000000e+01
 399   2.487500000000e+01    2.493750000000e+01
 400   2.493750000000e+01    2.500000000000e+01
 401   2.500000000000e+01    2.506250000000e+01
 402   2.506250000000e+01    2.512500000000e+01
 403   2.512500000000e+01    2.518750000000e+01
 404   2.518750000000e+01    2.525000000000e+01
 405   2.525000000000e+01    2.531250000000e+01
 406   2.531250000000e+01    2.537500000000e+01
 407   2.537500000000e+01    2.543750000000e+01
 408   2.543750000000e+01    2.550000000000e+01
 409   2.550000000000e+01    2.556250000000e+01
 410   2.556250000000e+01    2.562500000000e+01
 411   2.562500000000e+01    2.568750000000e+01
 412   2.568750000000e+01    2.575000000000e+01
 413   2.575000000000e+01    2.581250000000e+01
 414   2.581250000000e+01    2.587500000000e+01
 415   2.587500000000e+01    2.593750000000e+01
 416   2.593750000000e+01    2.600000000000e+01
 417   2.600000000000e+01    2.606250000000e+01
 418   2.606250000000e+01    2.612500000000e+01
 419   2.612500000000e+01    2.618750000000e+01
 420   2.618750000000e+01    2.625000000000e+01
 421   2.625000000000e+01    2.631250000000e+01
 422   2.631250000000e+01    2.637500000000e+01
 423   2.637500000000e+01    2.643750000000e+01
 424   2.643750000000e+01    2.650000000000e+01
 425   2.650000000000e+01    2.656250000000e+01
 426   2.656250000000e+01    2.662500000000e+01
 427   2.662500000000e+01    2.668750000000e+01
 428   2.668750000000e+01    2.675000000000e+01
 429   2.675000000000e+01    2.681250000000e+01
 430   2.681250000000e+01    2.687500000000e+01
 431   2.687500000000e+01    2.693750000000e+01
 432   2.693750000000e+01    2.700000000000e+01
 433   2.700000000000e+01    2.706250000000e+01
 434   2.706250000000e+01    2.712500000000e+01
 435   2.712500000000e+01    2.718750000000e+01
 436   2.718750000000e+01    2.725000000000e+01
 437   2.725000000000e+01    2.731250000000e+01
 438   2.731250000000e+01    2.737500000000e+01
 439   2.737500000000e+01    2.743750000000e+01
 440   2.743750000000e+01    2.750000000000e+01
 441   2.750000000000e+01    2.756250000000e+01
 442   2.756250000000e+01    2.762500000000e+01
 443   2.762500000000e+01    2.768750000000e+01
 444   2.768750000000e+01    2.775000000000e+01
 445   2.775000000000e+01    2.781250000000e+01
 446   2.781250000000e+01    2.787500000000e+01
 447   2.787500000000e+01    2.793750000000e+01
 448   2.793750000000e+01    2.800000000000e+01
 449   2.800000000000e+01    2.806250000000e+01
 450   2.806250000000e+01    2.812500000000e+01
 451   2.812500000000e+01    2.818750000000e+01
 452   2.818750000000e+01    2.825000000000e+01
 453   2.825000000000e+01    2.831250000000e+01
 454   2.831250000000e+01    2.837500000000e+01
 455   2.837500000000e+01    2.843750000000e+01
 456   2.843750000000e+01    2.850000000000e+01
 457   2.850000000000e+01    2.856250000000e+01
 458   2.856250000000e+01    2.862500000000e+01
 459   2.862500000000e+01    2.868750000000e+01
 460   2.868750000000e+01    2.875000000000e+01
 461   2.875000000000e+01    2.881250000000e+01
 462   2.881250000000e+01    2.887500000000e+01
 463   2.887500000000e+01    2.893750000000e+01
 464   2.893750000000e+01    2.900000000000e+01
 465   2.900000000000e+01    2.906250000000e+01
 466   2.906250000000e+01    2.912500000000e+01
 467   2.912500000000e+01    2.918750000000e+01
 468   2.918750000000e+01    2.925000000000e+01
 469   2.925000000000e+01    2.931250000000e+01
 470   2.931250000000e+01    2.937500000000e+01
 471   2.937500000000e+01    2.943750000000e+01
 472   2.943750000000e+01    2.950000000000e+01
 473   2.950000000000e+01    2.956250000000e+01
 474   2.956250000000e+01    2.962500000000e+01
 475   2.962500000000e+01    2.968750000000e+01
 476   2.968750000000e+01    2.975000000000e+01
 477   2.975000000000e+01    2.981250000000e+01
 478   2.981250000000e+01    2.987500000000e+01
 479   2.987500000000e+01    2.993750000000e+01
 480   2.993750000000e+01    3.000000000000e+01
 481   3.000000000000e+01    3.006250000000e+01
 482   3.006250000000e+01    3.012500000000e+01
 483   3.012500000000e+01    3.018750000000e+01
 484   3.018750000000e+01    3.025000000000e+01
 485   3.025000000000e+01    3.031250000000e+01
 486   3.031250000000e+01    3.037500000000e+01
 487   3.037500000000e+01    3.043750000000e+01
 488   3.043750000000e+01    3.050000000000e+01
 489   3.050000000000e+01    3.056250000000e+01
 490   3.056250000000e+01    3.062500000000e+01
 491   3.062500000000e+01    3.068750000000e+01
 492   3.068750000000e+01    3.075000000000e+01
 493   3.075000000000e+01    3.081250000000e+01
 494   3.081250000000e+01    3.087500000000e+01
 495   3.087500000000e+01    3.093750000000e+01
 496   3.093750000000e+01    3.100000000000e+01
 497   3.100000000000e+01    3.106250000000e+01
 498   3.106250000000e+01    3.112500000000e+01
 499   3.112500000000e+01    3.118750000000e+01
 500   3.118750000000e+01    3.125000000000e+01
 501   3.125000000000e+01    3.131250000000e+01
 502   3.131250000000e+01    3.137500000000e+01
 503   3.137500000000e+01    3.143750000000e+01
 504   3.143750000000e+01    3.150000000000e+01
 505   3.150000000000e+01    3.156250000000e+01
 506   3.156250000000e+01    3.162500000000e+01
 507   3.162500000000e+01    3.168750000000e+01
 508   3.168750000000e+01    3.175000000000e+01
 509   3.175000000000e+01    3.181250000000e+01
 510   3.181250000000e+01    3.187500000000e+01
 511   3.187500000000e+01    3.193750000000e+01
 512   3.193750000000e+01    3.200000000000e+01
 513   3.200000000000e+01    3.206250000000e+01
 514   3.206250000000e+01    3.212500000000e+01
 515   3.212500000000e+01    3.218750000000e+01
 516   3.218750000000e+01    3.225000000000e+01
 517   3.225000000000e+01    3.231250000000e+01
 518   3.231250000000e+01    3.237500000000e+01
 519   3.237500000000e+01    3.243750000000e+01
 520   3.243750000000e+01    3.250000000000e+01
 521   3.250000000000e+01    3.256250000000e+01
 522   3.256250000000e+01    3.262500000000e+01
 523   3.262500000000e+01    3.268750000000e+01
 524   3.268750000000e+01    3.275000000000e+01
 525   3.275000000000e+01    3.281250000000e+01
 526   3.281250000000e+01    3.287500000000e+01
 527   3.287500000000e+01    3.293750000000e+01
 528   3.293750000000e+01    3.300000000000e+01
 529   3.300000000000e+01    3.306250000000e+01
 530   3.306250000000e+01    3.312500000000e+01
 531   3.312500000000e+01    3.318750000000e+01
 532   3.318750000000e+01    3.325000000000e+01
 533   3.325000000000e+01    3.331250000000e+01
 534   3.331250000000e+01    3.337500000000e+01
 535   3.337500000000e+01    3.343750000000e+01
 536   3.343750000000e+01    3.350000000000e+01
 537   3.350000000000e+01    3.356250000000e+01
 538   3.356250000000e+01    3.362500000000e+01
 539   3.362500000000e+01    3.368750000000e+01
 540   3.368750000000e+01    3.375000000000e+01
 541   3.375000000000e+01    3.381250000000e+01
 542   3.381250000000e+01    3.387500000000e+01
 543   3.387500000000e+01    3.393750000000e+01
 544   3.393750000000e+01    3.400000000000e+01
 545   3.400000000000e+01    3.406250000000e+01
 546   3.406250000000e+01    3.412500000000e+01
 547   3.412500000000e+01    3.418750000000e+01
 548   3.418750000000e+01    3.425000000000e+01
 549   3.425000000000e+01    3.431250000000e+01
 550   3.431250000000e+01    3.437500000000e+01
 551   3.437500000000e+01    3.443750000000e+01
 552   3.443750000000e+01    3.450000000000e+01
 553   3.450000000000e+01    3.456250000000e+01
 554   3.456250000000e+01    3.462500000000e+01
 555   3.462500000000e+01    3.468750000000e+01
 556   3.468750000000e+01    3.475000000000e+01
 557   3.475000000000e+01    3.481250000000e+01
 558   3.481250000000e+01    3.487500000000e+01
 559   3.487500000000e+01    3.493750000000e+01
 560   3.493750000000e+01    3.500000000000e+01
 561   3.500000000000e+01    3.506250000000e+01
 562   3.506250000000e+01    3.512500000000e+01
 563   3.512500000000e+01    3.518750000000e+01
 564   3.518750000000e+01    3.525000000000e+01
 565   3.525000000000e+01    3.531250000000e+01
 566   3.531250000000e+01    3.537500000000e+01
 567   3.537500000000e+01    3.543750000000e+01
 568   3.543750000000e+01    3.550000000000e+01
 569   3.550000000000e+01    3.556250000000e+01
 570   3.556250000000e+01    3.562500000000e+01
 571   3.562500000000e+01    3.568750000000e+01
 572   3.568750000000e+01    3.575000000000e+01
 573   3.575000000000e+01    3.581250000000e+01
 574   3.581250000000e+01    3.587500000000e+01
 575   3.587500000000e+01    3.593750000000e+01
 576   3.593750000000e+01    3.600000000000e+01
 577   3.600000000000e+01    3.606250000000e+01
 578   3.606250000000e+01    3.612500000000e+01
 579   3.612500000000e+01    3.618750000000e+01
 580   3.618750000000e+01    3.625000000000e+01
 581   3.625000000000e+01    3.631250000000e+01
 582   3.631250000000e+01    3.637500000000e+01
 583   3.637500000000e+01    3.643750000000e+01
 584   3.643750000000e+01    3.650000000000e+01
 585   3.650000000000e+01    3.656250000000e+01
 586   3.656250000000e+01    3.662500000000e+01
 587   3.662500000000e+01    3.668750000000e+01
 588   3.668750000000e+01    3.675000000000e+01
 589   3.675000000000e+01    3.681250000000e+01
 590   3.681250000000e+01    3.687500000000e+01
 591   3.687500000000e+01    3.693750000000e+01
 592   3.693750000000e+01    3.700000000000e+01
 593   3.700000000000e+01    3.706250000000e+01
 594   3.706250000000e+01    3.712500000000e+01
 595   3.712500000000e+01    3.718750000000e+01
 596   3.718750000000e+01    3.725000000000e+01
 597   3.725000000000e+01    3.731250000000e+01
 598   3.731250000000e+01    3.737500000000e+01
 599   3.737500000000e+01    3.743750000000e+01
 600   3.743750000000e+01    3.750000000000e+01
 601   3.750000000000e+01    3.756250000000e+01
 602   3.756250000000e+01    3.762500000000e+01
 603   3.762500000000e+01    3.768750000000e+01
 604   3.768750000000e+01    3.775000000000e+01
 605   3.775000000000e+01    3.781250000000e+01
 606   3.781250000000e+01    3.787500000000e+01
 607   3.787500000000e+01    3.793750000000e+01
 608   3.793750000000e+01    3.800000000000e+01
 609   3.800000000000e+01    3.806250000000e+01
 610   3.806250000000e+01    3.812500000000e+01
 611   3.812500000000e+01    3.818750000000e+01
 612   3.818750000000e+01    3.825000000000e+01
 613   3.825000000000e+01    3.831250000000e+01
 614   3.831250000000e+01    3.837500000000e+01
 615   3.837500000000e+01    3.843750000000e+01
 616   3.843750000000e+01    3.850000000000e+01
 617   3.850000000000e+01    3.856250000000e+01
 618   3.856250000000e+01    3.862500000000e+01
 619   3.862500000000e+01    3.868750000000e+01
 620   3.868750000000e+01    3.875000000000e+01
 621   3.875000000000e+01    3.881250000000e+01
 622   3.881250000000e+01    3.887500000000e+01
 623   3.887500000000e+01    3.893750000000e+01
 624   3.893750000000e+01    3.900000000000e+01
 625   3.900000000000e+01    3.906250000000e+01
 626   3.906250000000e+01    3.912500000000e+01
 627   3.912500000000e+01    3.918750000000e+01
 628   3.918750000000e+01    3.925000000000e+01
 629   3.925000000000e+01    3.931250000000e+01
 630   3.931250000000e+01    3.937500000000e+01
 631   3.937500000000e+01    3.943750000000e+01
 632   3.943750000000e+01    3.950000000000e+01
 633   3.950000000000e+01    3.956250000000e+01
 634   3.956250000000e+01    3.962500000000e+01
 635   3.962500000000e+01    3.968750000000e+01
 636   3.968750000000e+01    3.975000000000e+01
 637   3.975000000000e+01    3.981250000000e+01
 638   3.981250000000e+01    3.987500000000e+01
 639   3.987500000000e+01    3.993750000000e+01
 640   3.993750000000e+01    4.000000000000e+01
